************* Module enderchest
enderchest/__init__.py:1:0: C0114: Missing module docstring (missing-module-docstring)
************* Module enderchest.prompt
enderchest/prompt.py:55:4: W0621: Redefining name 'confirm' from outer scope (line 41) (redefined-outer-name)
************* Module enderchest.remote
enderchest/remote.py:81:4: W1201: Use lazy % formatting in logging functions (logging-not-lazy)
enderchest/remote.py:93:0: R0914: Too many local variables (16/15) (too-many-locals)
enderchest/remote.py:147:8: W1203: Use lazy % formatting in logging functions (logging-fstring-interpolation)
enderchest/remote.py:170:20: W1203: Use lazy % formatting in logging functions (logging-fstring-interpolation)
enderchest/remote.py:199:20: W1203: Use lazy % formatting in logging functions (logging-fstring-interpolation)
enderchest/remote.py:225:16: W1203: Use lazy % formatting in logging functions (logging-fstring-interpolation)
enderchest/remote.py:237:16: W1203: Use lazy % formatting in logging functions (logging-fstring-interpolation)
enderchest/remote.py:93:0: R0912: Too many branches (21/12) (too-many-branches)
************* Module enderchest.enderchest
enderchest/enderchest.py:122:4: C0116: Missing function or method docstring (missing-function-docstring)
enderchest/enderchest.py:129:4: C0116: Missing function or method docstring (missing-function-docstring)
enderchest/enderchest.py:133:4: C0116: Missing function or method docstring (missing-function-docstring)
enderchest/enderchest.py:171:8: W1203: Use lazy % formatting in logging functions (logging-fstring-interpolation)
enderchest/enderchest.py:176:4: C0116: Missing function or method docstring (missing-function-docstring)
enderchest/enderchest.py:203:12: W1203: Use lazy % formatting in logging functions (logging-fstring-interpolation)
enderchest/enderchest.py:209:4: R0914: Too many local variables (16/15) (too-many-locals)
enderchest/enderchest.py:241:12: W0707: Consider explicitly re-raising using 'except AssertionError as exc' and 'raise FileNotFoundError(f'Could not open {config_file}') from exc' (raise-missing-from)
enderchest/enderchest.py:266:20: R1720: Unnecessary "else" after "raise", remove the "else" and de-indent the code inside it (no-else-raise)
enderchest/enderchest.py:290:24: W0707: Consider explicitly re-raising using 'except ValueError as exc' and 'raise ValueError(f'Invalid value for sync-confirmation-time: {sync_confirm_wait}') from exc' (raise-missing-from)
enderchest/enderchest.py:413:4: W1203: Use lazy % formatting in logging functions (logging-fstring-interpolation)
************* Module enderchest.place
enderchest/place.py:110:38: W0511: TODO: reevaluate default (it's 50/50 due to link folders) (fixme)
enderchest/place.py:16:0: R0913: Too many arguments (6/5) (too-many-arguments)
enderchest/place.py:16:0: R0914: Too many local variables (23/15) (too-many-locals)
enderchest/place.py:67:8: W1203: Use lazy % formatting in logging functions (logging-fstring-interpolation)
enderchest/place.py:77:8: R1724: Unnecessary "else" after "continue", remove the "else" and de-indent the code inside it (no-else-continue)
enderchest/place.py:78:12: W1203: Use lazy % formatting in logging functions (logging-fstring-interpolation)
enderchest/place.py:161:12: W1203: Use lazy % formatting in logging functions (logging-fstring-interpolation)
enderchest/place.py:178:24: W1203: Use lazy % formatting in logging functions (logging-fstring-interpolation)
enderchest/place.py:191:12: W1203: Use lazy % formatting in logging functions (logging-fstring-interpolation)
enderchest/place.py:207:20: W1203: Use lazy % formatting in logging functions (logging-fstring-interpolation)
enderchest/place.py:236:24: W1203: Use lazy % formatting in logging functions (logging-fstring-interpolation)
enderchest/place.py:259:24: W1203: Use lazy % formatting in logging functions (logging-fstring-interpolation)
enderchest/place.py:16:0: R0912: Too many branches (23/12) (too-many-branches)
enderchest/place.py:16:0: R0915: Too many statements (85/50) (too-many-statements)
enderchest/place.py:206:16: W0612: Unused variable 'oh_no' (unused-variable)
enderchest/place.py:312:8: W1203: Use lazy % formatting in logging functions (logging-fstring-interpolation)
enderchest/place.py:316:12: W1203: Use lazy % formatting in logging functions (logging-fstring-interpolation)
enderchest/place.py:320:4: W1203: Use lazy % formatting in logging functions (logging-fstring-interpolation)
enderchest/place.py:10:0: W0611: Unused InstanceSpec imported from instance (unused-import)
************* Module enderchest.shulker_box
enderchest/shulker_box.py:118:17: W0511: TODO check to make sure properties hasn't been read before (fixme)
enderchest/shulker_box.py:122:17: W0511: TODO: support specifying filters (and link-folders) in the properties section (fixme)
enderchest/shulker_box.py:346:30: W0511: TODO: customize in enderchest.cfg (fixme)
enderchest/shulker_box.py:354:28: W0511: TODO: customize in enderchest.cfg (fixme)
enderchest/shulker_box.py:98:12: W0707: Consider explicitly re-raising using 'except AssertionError as exc' and 'raise FileNotFoundError(f'Could not open {config_file}') from exc' (raise-missing-from)
enderchest/shulker_box.py:124:29: C0201: Consider iterating the dictionary directly instead of calling .keys() (consider-iterating-dictionary)
enderchest/shulker_box.py:65:4: R0912: Too many branches (16/12) (too-many-branches)
enderchest/shulker_box.py:200:4: R0912: Too many branches (13/12) (too-many-branches)
enderchest/shulker_box.py:284:0: R0911: Too many return statements (7/6) (too-many-return-statements)
enderchest/shulker_box.py:391:8: W1203: Use lazy % formatting in logging functions (logging-fstring-interpolation)
enderchest/shulker_box.py:396:4: W1203: Use lazy % formatting in logging functions (logging-fstring-interpolation)
************* Module enderchest._version
enderchest/_version.py:44:4: C0103: Attribute name "VCS" doesn't conform to snake_case naming style (invalid-name)
enderchest/_version.py:44:4: W0201: Attribute 'VCS' defined outside __init__ (attribute-defined-outside-init)
enderchest/_version.py:45:4: W0201: Attribute 'style' defined outside __init__ (attribute-defined-outside-init)
enderchest/_version.py:46:4: W0201: Attribute 'tag_prefix' defined outside __init__ (attribute-defined-outside-init)
enderchest/_version.py:47:4: W0201: Attribute 'parentdir_prefix' defined outside __init__ (attribute-defined-outside-init)
enderchest/_version.py:48:4: W0201: Attribute 'versionfile_source' defined outside __init__ (attribute-defined-outside-init)
enderchest/_version.py:49:4: W0201: Attribute 'verbose' defined outside __init__ (attribute-defined-outside-init)
enderchest/_version.py:35:0: R0903: Too few public methods (0/2) (too-few-public-methods)
enderchest/_version.py:64:17: C0103: Argument name "f" doesn't conform to snake_case naming style (invalid-name)
enderchest/_version.py:74:0: R0913: Too many arguments (6/5) (too-many-arguments)
enderchest/_version.py:100:12: C0103: Variable name "e" doesn't conform to snake_case naming style (invalid-name)
enderchest/_version.py:104:22: C0209: Formatting a regular string which could be a f-string (consider-using-f-string)
enderchest/_version.py:104:43: E0601: Using variable 'dispcmd' before assignment (used-before-assignment)
enderchest/_version.py:109:18: C0209: Formatting a regular string which could be a f-string (consider-using-f-string)
enderchest/_version.py:114:18: C0209: Formatting a regular string which could be a f-string (consider-using-f-string)
enderchest/_version.py:115:18: C0209: Formatting a regular string which could be a f-string (consider-using-f-string)
enderchest/_version.py:90:22: R1732: Consider using 'with' for resource-allocating operations (consider-using-with)
enderchest/_version.py:144:12: C0209: Formatting a regular string which could be a f-string (consider-using-f-string)
enderchest/_version.py:159:13: W1514: Using open without explicitly specifying an encoding (unspecified-encoding)
enderchest/_version.py:162:20: C0103: Variable name "mo" doesn't conform to snake_case naming style (invalid-name)
enderchest/_version.py:166:20: C0103: Variable name "mo" doesn't conform to snake_case naming style (invalid-name)
enderchest/_version.py:170:20: C0103: Variable name "mo" doesn't conform to snake_case naming style (invalid-name)
enderchest/_version.py:204:4: C0103: Variable name "TAG" doesn't conform to snake_case naming style (invalid-name)
enderchest/_version.py:216:18: C0209: Formatting a regular string which could be a f-string (consider-using-f-string)
enderchest/_version.py:218:14: C0209: Formatting a regular string which could be a f-string (consider-using-f-string)
enderchest/_version.py:222:12: C0103: Variable name "r" doesn't conform to snake_case naming style (invalid-name)
enderchest/_version.py:229:22: C0209: Formatting a regular string which could be a f-string (consider-using-f-string)
enderchest/_version.py:250:0: R0914: Too many local variables (19/15) (too-many-locals)
enderchest/_version.py:257:4: C0103: Variable name "GITS" doesn't conform to snake_case naming style (invalid-name)
enderchest/_version.py:259:8: C0103: Variable name "GITS" doesn't conform to snake_case naming style (invalid-name)
enderchest/_version.py:268:7: C0103: Variable name "rc" doesn't conform to snake_case naming style (invalid-name)
enderchest/_version.py:271:18: C0209: Formatting a regular string which could be a f-string (consider-using-f-string)
enderchest/_version.py:276:18: C0103: Variable name "rc" doesn't conform to snake_case naming style (invalid-name)
enderchest/_version.py:293:14: C0103: Variable name "rc" doesn't conform to snake_case naming style (invalid-name)
enderchest/_version.py:303:17: C0103: Variable name "rc" doesn't conform to snake_case naming style (invalid-name)
enderchest/_version.py:313:18: C0103: Variable name "rc" doesn't conform to snake_case naming style (invalid-name)
enderchest/_version.py:349:8: C0103: Variable name "mo" doesn't conform to snake_case naming style (invalid-name)
enderchest/_version.py:352:30: C0209: Formatting a regular string which could be a f-string (consider-using-f-string)
enderchest/_version.py:361:30: C0209: Formatting a regular string which could be a f-string (consider-using-f-string)
enderchest/_version.py:377:13: C0103: Variable name "rc" doesn't conform to snake_case naming style (invalid-name)
enderchest/_version.py:250:0: R0912: Too many branches (18/12) (too-many-branches)
enderchest/_version.py:250:0: R0915: Too many statements (68/50) (too-many-statements)
enderchest/_version.py:410:24: C0209: Formatting a regular string which could be a f-string (consider-using-f-string)
enderchest/_version.py:415:19: C0209: Formatting a regular string which could be a f-string (consider-using-f-string)
enderchest/_version.py:436:24: C0209: Formatting a regular string which could be a f-string (consider-using-f-string)
enderchest/_version.py:444:20: C0209: Formatting a regular string which could be a f-string (consider-using-f-string)
enderchest/_version.py:456:4: C0103: Variable name "vc" doesn't conform to snake_case naming style (invalid-name)
enderchest/_version.py:472:28: C0209: Formatting a regular string which could be a f-string (consider-using-f-string)
enderchest/_version.py:474:28: C0209: Formatting a regular string which could be a f-string (consider-using-f-string)
enderchest/_version.py:480:19: C0209: Formatting a regular string which could be a f-string (consider-using-f-string)
enderchest/_version.py:497:24: C0209: Formatting a regular string which could be a f-string (consider-using-f-string)
enderchest/_version.py:501:24: C0209: Formatting a regular string which could be a f-string (consider-using-f-string)
enderchest/_version.py:504:19: C0209: Formatting a regular string which could be a f-string (consider-using-f-string)
enderchest/_version.py:507:20: C0209: Formatting a regular string which could be a f-string (consider-using-f-string)
enderchest/_version.py:522:24: C0209: Formatting a regular string which could be a f-string (consider-using-f-string)
enderchest/_version.py:526:24: C0209: Formatting a regular string which could be a f-string (consider-using-f-string)
enderchest/_version.py:531:19: C0209: Formatting a regular string which could be a f-string (consider-using-f-string)
enderchest/_version.py:534:20: C0209: Formatting a regular string which could be a f-string (consider-using-f-string)
enderchest/_version.py:551:24: C0209: Formatting a regular string which could be a f-string (consider-using-f-string)
enderchest/_version.py:556:19: C0209: Formatting a regular string which could be a f-string (consider-using-f-string)
enderchest/_version.py:573:24: C0209: Formatting a regular string which could be a f-string (consider-using-f-string)
enderchest/_version.py:593:20: C0209: Formatting a regular string which could be a f-string (consider-using-f-string)
enderchest/_version.py:633:25: C0209: Formatting a regular string which could be a f-string (consider-using-f-string)
************* Module enderchest.filesystem
enderchest/filesystem.py:145:4: W1203: Use lazy % formatting in logging functions (logging-fstring-interpolation)
enderchest/filesystem.py:171:38: W0613: Unused argument 'check_exists' (unused-argument)
************* Module enderchest.gather
enderchest/gather.py:499:13: W0511: TODO: if not Windows, try making relative to "~" (fixme)
enderchest/gather.py:45:4: W1203: Use lazy % formatting in logging functions (logging-fstring-interpolation)
enderchest/gather.py:47:4: W1203: Use lazy % formatting in logging functions (logging-fstring-interpolation)
enderchest/gather.py:82:8: W1203: Use lazy % formatting in logging functions (logging-fstring-interpolation)
enderchest/gather.py:87:8: W1203: Use lazy % formatting in logging functions (logging-fstring-interpolation)
enderchest/gather.py:91:8: W1201: Use lazy % formatting in logging functions (logging-not-lazy)
enderchest/gather.py:156:16: W1203: Use lazy % formatting in logging functions (logging-fstring-interpolation)
enderchest/gather.py:161:8: W1203: Use lazy % formatting in logging functions (logging-fstring-interpolation)
enderchest/gather.py:168:12: W1203: Use lazy % formatting in logging functions (logging-fstring-interpolation)
enderchest/gather.py:182:4: W1201: Use lazy % formatting in logging functions (logging-not-lazy)
enderchest/gather.py:214:4: W1203: Use lazy % formatting in logging functions (logging-fstring-interpolation)
enderchest/gather.py:216:4: W1203: Use lazy % formatting in logging functions (logging-fstring-interpolation)
enderchest/gather.py:271:8: W1203: Use lazy % formatting in logging functions (logging-fstring-interpolation)
enderchest/gather.py:278:12: W1203: Use lazy % formatting in logging functions (logging-fstring-interpolation)
enderchest/gather.py:316:8: W1203: Use lazy % formatting in logging functions (logging-fstring-interpolation)
enderchest/gather.py:320:8: C0103: Variable name "mc" doesn't conform to snake_case naming style (invalid-name)
enderchest/gather.py:324:8: W1203: Use lazy % formatting in logging functions (logging-fstring-interpolation)
enderchest/gather.py:342:4: W1203: Use lazy % formatting in logging functions (logging-fstring-interpolation)
enderchest/gather.py:368:8: W1203: Use lazy % formatting in logging functions (logging-fstring-interpolation)
enderchest/gather.py:373:8: W1203: Use lazy % formatting in logging functions (logging-fstring-interpolation)
enderchest/gather.py:394:4: W1201: Use lazy % formatting in logging functions (logging-not-lazy)
enderchest/gather.py:416:4: W1203: Use lazy % formatting in logging functions (logging-fstring-interpolation)
enderchest/gather.py:459:4: W1203: Use lazy % formatting in logging functions (logging-fstring-interpolation)
enderchest/gather.py:463:8: W1203: Use lazy % formatting in logging functions (logging-fstring-interpolation)
enderchest/gather.py:467:16: W1203: Use lazy % formatting in logging functions (logging-fstring-interpolation)
enderchest/gather.py:480:16: W1203: Use lazy % formatting in logging functions (logging-fstring-interpolation)
enderchest/gather.py:486:16: W1203: Use lazy % formatting in logging functions (logging-fstring-interpolation)
enderchest/gather.py:490:8: W1203: Use lazy % formatting in logging functions (logging-fstring-interpolation)
enderchest/gather.py:502:8: W1203: Use lazy % formatting in logging functions (logging-fstring-interpolation)
enderchest/gather.py:508:0: R0914: Too many local variables (16/15) (too-many-locals)
enderchest/gather.py:568:8: W1203: Use lazy % formatting in logging functions (logging-fstring-interpolation)
enderchest/gather.py:568:8: W4902: Using deprecated method warn() (deprecated-method)
enderchest/gather.py:568:8: W4902: Using deprecated method warn() (deprecated-method)
enderchest/gather.py:567:4: W0612: Unused variable 'weird_json' (unused-variable)
enderchest/gather.py:588:0: R0914: Too many local variables (20/15) (too-many-locals)
enderchest/gather.py:656:8: W4902: Using deprecated method warn() (deprecated-method)
enderchest/gather.py:656:8: W4902: Using deprecated method warn() (deprecated-method)
enderchest/gather.py:674:12: W1203: Use lazy % formatting in logging functions (logging-fstring-interpolation)
enderchest/gather.py:674:12: W4902: Using deprecated method warn() (deprecated-method)
enderchest/gather.py:674:12: W4902: Using deprecated method warn() (deprecated-method)
enderchest/gather.py:678:12: W1203: Use lazy % formatting in logging functions (logging-fstring-interpolation)
enderchest/gather.py:678:12: W4902: Using deprecated method warn() (deprecated-method)
enderchest/gather.py:678:12: W4902: Using deprecated method warn() (deprecated-method)
enderchest/gather.py:682:12: W1203: Use lazy % formatting in logging functions (logging-fstring-interpolation)
enderchest/gather.py:682:12: W4902: Using deprecated method warn() (deprecated-method)
enderchest/gather.py:682:12: W4902: Using deprecated method warn() (deprecated-method)
enderchest/gather.py:691:8: W1203: Use lazy % formatting in logging functions (logging-fstring-interpolation)
enderchest/gather.py:691:8: W4902: Using deprecated method warn() (deprecated-method)
enderchest/gather.py:691:8: W4902: Using deprecated method warn() (deprecated-method)
enderchest/gather.py:695:8: W1203: Use lazy % formatting in logging functions (logging-fstring-interpolation)
enderchest/gather.py:695:8: W4902: Using deprecated method warn() (deprecated-method)
enderchest/gather.py:695:8: W4902: Using deprecated method warn() (deprecated-method)
enderchest/gather.py:699:8: W1203: Use lazy % formatting in logging functions (logging-fstring-interpolation)
enderchest/gather.py:699:8: W4902: Using deprecated method warn() (deprecated-method)
enderchest/gather.py:699:8: W4902: Using deprecated method warn() (deprecated-method)
enderchest/gather.py:588:0: R0912: Too many branches (16/12) (too-many-branches)
enderchest/gather.py:588:0: R0915: Too many statements (58/50) (too-many-statements)
enderchest/gather.py:673:8: W0612: Unused variable 'no_json' (unused-variable)
enderchest/gather.py:677:8: W0612: Unused variable 'bad_json' (unused-variable)
enderchest/gather.py:681:8: W0612: Unused variable 'weird_json' (unused-variable)
enderchest/gather.py:690:4: W0612: Unused variable 'no_cfg' (unused-variable)
enderchest/gather.py:738:8: W1203: Use lazy % formatting in logging functions (logging-fstring-interpolation)
enderchest/gather.py:813:40: C0103: Variable name "f" doesn't conform to snake_case naming style (invalid-name)
enderchest/gather.py:818:4: W1203: Use lazy % formatting in logging functions (logging-fstring-interpolation)
************* Module enderchest.cli
enderchest/cli.py:435:0: C0301: Line too long (102/100) (line-too-long)
enderchest/cli.py:627:5: W0511: TODO: set log levels per logger based on the command (fixme)
enderchest/cli.py:630:5: W0511: TODO: when we add log files, set this to minimum log level across all handlers (fixme)
enderchest/cli.py:25:0: C0115: Missing class docstring (missing-class-docstring)
enderchest/cli.py:25:0: R0903: Too few public methods (1/2) (too-few-public-methods)
enderchest/cli.py:30:0: R0913: Too many arguments (9/5) (too-many-arguments)
enderchest/cli.py:206:0: R0914: Too many local variables (24/15) (too-many-locals)
enderchest/cli.py:206:0: R0915: Too many statements (59/50) (too-many-statements)
enderchest/cli.py:219:31: W0612: Unused variable 'method' (unused-variable)
enderchest/cli.py:554:0: R0914: Too many local variables (16/15) (too-many-locals)
enderchest/cli.py:614:4: W0120: Else clause on loop without a break statement, remove the else and de-indent all the code inside it (useless-else-on-loop)
enderchest/cli.py:578:18: W0612: Unused variable 'description' (unused-variable)
enderchest/cli.py:619:0: C0116: Missing function or method docstring (missing-function-docstring)
************* Module enderchest.craft
enderchest/craft.py:536:9: W0511: TODO: DRY this into a dedicated function (fixme)
enderchest/craft.py:538:9: W0511: TODO: stop wastefully reloading the cfg (fixme)
enderchest/craft.py:702:9: W0511: TODO: should this be most common among matches? (fixme)
enderchest/craft.py:71:8: W1203: Use lazy % formatting in logging functions (logging-fstring-interpolation)
enderchest/craft.py:116:16: W1203: Use lazy % formatting in logging functions (logging-fstring-interpolation)
enderchest/craft.py:30:0: R0912: Too many branches (16/12) (too-many-branches)
enderchest/craft.py:134:0: R0913: Too many arguments (8/5) (too-many-arguments)
enderchest/craft.py:183:8: W1203: Use lazy % formatting in logging functions (logging-fstring-interpolation)
enderchest/craft.py:188:12: R0916: Too many boolean expressions in if statement (6/5) (too-many-boolean-expressions)
enderchest/craft.py:235:0: R0914: Too many local variables (16/15) (too-many-locals)
enderchest/craft.py:251:8: W1203: Use lazy % formatting in logging functions (logging-fstring-interpolation)
enderchest/craft.py:259:8: W1203: Use lazy % formatting in logging functions (logging-fstring-interpolation)
enderchest/craft.py:260:8: W0107: Unnecessary pass statement (unnecessary-pass)
enderchest/craft.py:321:15: W0718: Catching too general exception Exception (broad-exception-caught)
enderchest/craft.py:322:12: W1203: Use lazy % formatting in logging functions (logging-fstring-interpolation)
enderchest/craft.py:383:12: W1203: Use lazy % formatting in logging functions (logging-fstring-interpolation)
enderchest/craft.py:391:4: W1201: Use lazy % formatting in logging functions (logging-not-lazy)
enderchest/craft.py:235:0: R0912: Too many branches (23/12) (too-many-branches)
enderchest/craft.py:235:0: R0915: Too many statements (64/50) (too-many-statements)
enderchest/craft.py:403:0: R0914: Too many local variables (16/15) (too-many-locals)
enderchest/craft.py:425:8: W1203: Use lazy % formatting in logging functions (logging-fstring-interpolation)
enderchest/craft.py:557:4: W1201: Use lazy % formatting in logging functions (logging-not-lazy)
enderchest/craft.py:403:0: R0912: Too many branches (16/12) (too-many-branches)
enderchest/craft.py:403:0: R0915: Too many statements (56/50) (too-many-statements)
enderchest/craft.py:637:12: W1203: Use lazy % formatting in logging functions (logging-fstring-interpolation)
enderchest/craft.py:639:12: W1201: Use lazy % formatting in logging functions (logging-not-lazy)
enderchest/craft.py:704:8: W1201: Use lazy % formatting in logging functions (logging-not-lazy)
enderchest/craft.py:777:8: W1201: Use lazy % formatting in logging functions (logging-not-lazy)
enderchest/craft.py:841:20: W1203: Use lazy % formatting in logging functions (logging-fstring-interpolation)
enderchest/craft.py:849:20: W1203: Use lazy % formatting in logging functions (logging-fstring-interpolation)
enderchest/craft.py:856:20: W1203: Use lazy % formatting in logging functions (logging-fstring-interpolation)
enderchest/craft.py:868:4: W1201: Use lazy % formatting in logging functions (logging-not-lazy)
enderchest/craft.py:2:0: W0611: Unused import fnmatch (unused-import)
************* Module enderchest.sync.rsync
enderchest/sync/rsync.py:451:1: W0511: TODO: this will eventually go in the SFTP module or be replaced by Paramiko (fixme)
enderchest/sync/rsync.py:17:0: R0913: Too many arguments (6/5) (too-many-arguments)
enderchest/sync/rsync.py:17:0: R0914: Too many local variables (17/15) (too-many-locals)
enderchest/sync/rsync.py:120:4: W1203: Use lazy % formatting in logging functions (logging-fstring-interpolation)
enderchest/sync/rsync.py:139:16: W0707: Consider explicitly re-raising using 'except Exception as exc' and 'raise TimeoutError('Timeout reached.') from exc' (raise-missing-from)
enderchest/sync/rsync.py:17:0: R0912: Too many branches (24/12) (too-many-branches)
enderchest/sync/rsync.py:226:20: W1203: Use lazy % formatting in logging functions (logging-fstring-interpolation)
enderchest/sync/rsync.py:240:20: W1203: Use lazy % formatting in logging functions (logging-fstring-interpolation)
enderchest/sync/rsync.py:259:12: W1203: Use lazy % formatting in logging functions (logging-fstring-interpolation)
enderchest/sync/rsync.py:261:12: W1201: Use lazy % formatting in logging functions (logging-not-lazy)
enderchest/sync/rsync.py:159:0: R0912: Too many branches (25/12) (too-many-branches)
enderchest/sync/rsync.py:295:0: R0913: Too many arguments (9/5) (too-many-arguments)
enderchest/sync/rsync.py:377:0: R0913: Too many arguments (9/5) (too-many-arguments)
enderchest/sync/rsync.py:465:11: C0209: Formatting a regular string which could be a f-string (consider-using-f-string)
************* Module enderchest.sync
enderchest/sync/__init__.py:44:8: W0707: Consider explicitly re-raising using 'except ModuleNotFoundError as exc' and 'raise NotImplementedError(f'Protocol {remote_uri.scheme} is not currently implemented') from exc' (raise-missing-from)
enderchest/sync/__init__.py:48:8: W0707: Consider explicitly re-raising using 'raise NotImplementedError(f'Protocol {remote_uri.scheme} does not support that functionality:\n  {unknown_kwarg}') from unknown_kwarg' (raise-missing-from)
enderchest/sync/__init__.py:80:8: W0707: Consider explicitly re-raising using 'except ModuleNotFoundError as exc' and 'raise NotImplementedError(f'Protocol {remote_uri.scheme} is not currently implemented') from exc' (raise-missing-from)
************* Module enderchest.sync.file
enderchest/sync/file.py:39:4: W1203: Use lazy % formatting in logging functions (logging-fstring-interpolation)
enderchest/sync/file.py:44:12: W1203: Use lazy % formatting in logging functions (logging-fstring-interpolation)
enderchest/sync/file.py:50:12: W1203: Use lazy % formatting in logging functions (logging-fstring-interpolation)
enderchest/sync/file.py:55:8: W1203: Use lazy % formatting in logging functions (logging-fstring-interpolation)
enderchest/sync/file.py:93:12: W1203: Use lazy % formatting in logging functions (logging-fstring-interpolation)
enderchest/sync/file.py:96:12: W1203: Use lazy % formatting in logging functions (logging-fstring-interpolation)
enderchest/sync/file.py:102:12: W1203: Use lazy % formatting in logging functions (logging-fstring-interpolation)
enderchest/sync/file.py:108:8: W1203: Use lazy % formatting in logging functions (logging-fstring-interpolation)
enderchest/sync/file.py:198:8: W1203: Use lazy % formatting in logging functions (logging-fstring-interpolation)
enderchest/sync/file.py:203:8: W1201: Use lazy % formatting in logging functions (logging-not-lazy)
enderchest/sync/file.py:205:24: C0209: Formatting a regular string which could be a f-string (consider-using-f-string)
enderchest/sync/file.py:257:8: W1203: Use lazy % formatting in logging functions (logging-fstring-interpolation)
enderchest/sync/file.py:262:8: W1201: Use lazy % formatting in logging functions (logging-not-lazy)
enderchest/sync/file.py:264:24: C0209: Formatting a regular string which could be a f-string (consider-using-f-string)
************* Module enderchest.sync.utils
enderchest/sync/utils.py:36:11: C0209: Formatting a regular string which could be a f-string (consider-using-f-string)
************* Module enderchest.test.test_gather
enderchest/test/test_gather.py:17:0: C0115: Missing class docstring (missing-class-docstring)
enderchest/test/test_gather.py:19:4: C0116: Missing function or method docstring (missing-function-docstring)
enderchest/test/test_gather.py:29:4: C0116: Missing function or method docstring (missing-function-docstring)
enderchest/test/test_gather.py:39:4: C0116: Missing function or method docstring (missing-function-docstring)
enderchest/test/test_gather.py:52:4: C0116: Missing function or method docstring (missing-function-docstring)
enderchest/test/test_gather.py:65:0: C0115: Missing class docstring (missing-class-docstring)
enderchest/test/test_gather.py:67:4: C0116: Missing function or method docstring (missing-function-docstring)
enderchest/test/test_gather.py:67:53: W0613: Unused argument 'home' (unused-argument)
enderchest/test/test_gather.py:76:4: C0116: Missing function or method docstring (missing-function-docstring)
enderchest/test/test_gather.py:104:4: C0116: Missing function or method docstring (missing-function-docstring)
enderchest/test/test_gather.py:131:0: C0115: Missing class docstring (missing-class-docstring)
enderchest/test/test_gather.py:133:4: C0116: Missing function or method docstring (missing-function-docstring)
enderchest/test/test_gather.py:150:4: C0116: Missing function or method docstring (missing-function-docstring)
enderchest/test/test_gather.py:155:4: C0116: Missing function or method docstring (missing-function-docstring)
enderchest/test/test_gather.py:170:4: C0116: Missing function or method docstring (missing-function-docstring)
enderchest/test/test_gather.py:180:4: C0116: Missing function or method docstring (missing-function-docstring)
enderchest/test/test_gather.py:190:15: R1729: Use a generator instead 'all(i.equals(minecraft_root, instances[idx - 1], utils.TESTING_INSTANCES[idx]) for idx in range(1, 4))' (use-a-generator)
enderchest/test/test_gather.py:199:4: C0116: Missing function or method docstring (missing-function-docstring)
enderchest/test/test_gather.py:212:15: R1729: Use a generator instead 'all(i.equals(minecraft_root, instances[idx - 1], utils.TESTING_INSTANCES[idx]) for idx in range(1, 4))' (use-a-generator)
enderchest/test/test_gather.py:221:4: C0116: Missing function or method docstring (missing-function-docstring)
enderchest/test/test_gather.py:233:15: R1729: Use a generator instead 'all(i.equals(minecraft_root, instances[idx], utils.TESTING_INSTANCES[idx]) for idx in range(4))' (use-a-generator)
enderchest/test/test_gather.py:221:74: W0613: Unused argument 'home' (unused-argument)
enderchest/test/test_gather.py:240:4: C0116: Missing function or method docstring (missing-function-docstring)
enderchest/test/test_gather.py:257:4: C0116: Missing function or method docstring (missing-function-docstring)
enderchest/test/test_gather.py:271:15: R1729: Use a generator instead 'all(i.equals(minecraft_root, instances[idx], utils.TESTING_INSTANCES[idx]) for idx in range(4))' (use-a-generator)
enderchest/test/test_gather.py:257:60: W0613: Unused argument 'home' (unused-argument)
enderchest/test/test_gather.py:299:4: C0116: Missing function or method docstring (missing-function-docstring)
enderchest/test/test_gather.py:300:15: W0212: Access to a protected member _needs_symlink_allowlist of a client class (protected-access)
enderchest/test/test_gather.py:279:0: R0903: Too few public methods (1/2) (too-few-public-methods)
enderchest/test/test_gather.py:303:0: C0115: Missing class docstring (missing-class-docstring)
enderchest/test/test_gather.py:305:4: C0116: Missing function or method docstring (missing-function-docstring)
enderchest/test/test_gather.py:345:4: C0116: Missing function or method docstring (missing-function-docstring)
enderchest/test/test_gather.py:345:4: R0913: Too many arguments (6/5) (too-many-arguments)
enderchest/test/test_gather.py:373:4: C0116: Missing function or method docstring (missing-function-docstring)
************* Module enderchest.test.test_place
enderchest/test/test_place.py:16:0: C0115: Missing class docstring (missing-class-docstring)
enderchest/test/test_place.py:17:4: C0116: Missing function or method docstring (missing-function-docstring)
enderchest/test/test_place.py:21:30: W0212: Access to a protected member _rglob of a client class (protected-access)
enderchest/test/test_place.py:23:4: C0116: Missing function or method docstring (missing-function-docstring)
enderchest/test/test_place.py:28:31: W0212: Access to a protected member _rglob of a client class (protected-access)
enderchest/test/test_place.py:30:4: C0116: Missing function or method docstring (missing-function-docstring)
enderchest/test/test_place.py:43:34: W0212: Access to a protected member _rglob of a client class (protected-access)
enderchest/test/test_place.py:51:45: W0613: Unused argument 'home' (unused-argument)
enderchest/test/test_place.py:77:4: C0116: Missing function or method docstring (missing-function-docstring)
enderchest/test/test_place.py:84:4: C0116: Missing function or method docstring (missing-function-docstring)
enderchest/test/test_place.py:96:4: C0116: Missing function or method docstring (missing-function-docstring)
enderchest/test/test_place.py:109:4: C0116: Missing function or method docstring (missing-function-docstring)
enderchest/test/test_place.py:124:4: C0116: Missing function or method docstring (missing-function-docstring)
enderchest/test/test_place.py:138:4: C0116: Missing function or method docstring (missing-function-docstring)
enderchest/test/test_place.py:146:4: C0116: Missing function or method docstring (missing-function-docstring)
enderchest/test/test_place.py:167:4: C0116: Missing function or method docstring (missing-function-docstring)
enderchest/test/test_place.py:189:4: C0116: Missing function or method docstring (missing-function-docstring)
enderchest/test/test_place.py:200:4: C0116: Missing function or method docstring (missing-function-docstring)
enderchest/test/test_place.py:214:4: C0116: Missing function or method docstring (missing-function-docstring)
enderchest/test/test_place.py:238:4: C0116: Missing function or method docstring (missing-function-docstring)
enderchest/test/test_place.py:260:4: C0116: Missing function or method docstring (missing-function-docstring)
enderchest/test/test_place.py:283:4: C0116: Missing function or method docstring (missing-function-docstring)
enderchest/test/test_place.py:305:4: C0116: Missing function or method docstring (missing-function-docstring)
enderchest/test/test_place.py:325:4: C0116: Missing function or method docstring (missing-function-docstring)
enderchest/test/test_place.py:353:0: C0115: Missing class docstring (missing-class-docstring)
enderchest/test/test_place.py:357:4: C0116: Missing function or method docstring (missing-function-docstring)
enderchest/test/test_place.py:358:15: W0212: Access to a protected member _matches_version of a client class (protected-access)
enderchest/test/test_place.py:365:4: C0116: Missing function or method docstring (missing-function-docstring)
enderchest/test/test_place.py:366:15: W0212: Access to a protected member _matches_version of a client class (protected-access)
enderchest/test/test_place.py:371:4: C0116: Missing function or method docstring (missing-function-docstring)
enderchest/test/test_place.py:372:15: W0212: Access to a protected member _matches_version of a client class (protected-access)
enderchest/test/test_place.py:377:4: C0116: Missing function or method docstring (missing-function-docstring)
enderchest/test/test_place.py:378:15: W0212: Access to a protected member _matches_version of a client class (protected-access)
enderchest/test/test_place.py:381:0: C0115: Missing class docstring (missing-class-docstring)
enderchest/test/test_place.py:404:4: C0116: Missing function or method docstring (missing-function-docstring)
enderchest/test/test_place.py:411:4: C0116: Missing function or method docstring (missing-function-docstring)
enderchest/test/test_place.py:422:4: C0116: Missing function or method docstring (missing-function-docstring)
enderchest/test/test_place.py:433:4: C0116: Missing function or method docstring (missing-function-docstring)
enderchest/test/test_place.py:444:4: C0116: Missing function or method docstring (missing-function-docstring)
enderchest/test/test_place.py:459:4: C0116: Missing function or method docstring (missing-function-docstring)
enderchest/test/test_place.py:474:4: C0116: Missing function or method docstring (missing-function-docstring)
enderchest/test/test_place.py:486:4: C0116: Missing function or method docstring (missing-function-docstring)
enderchest/test/test_place.py:497:4: C0116: Missing function or method docstring (missing-function-docstring)
enderchest/test/test_place.py:518:4: C0116: Missing function or method docstring (missing-function-docstring)
enderchest/test/test_place.py:529:4: C0116: Missing function or method docstring (missing-function-docstring)
enderchest/test/test_place.py:544:0: C0115: Missing class docstring (missing-class-docstring)
enderchest/test/test_place.py:546:45: W0613: Unused argument 'home' (unused-argument)
enderchest/test/test_place.py:601:4: C0116: Missing function or method docstring (missing-function-docstring)
enderchest/test/test_place.py:601:4: R0913: Too many arguments (7/5) (too-many-arguments)
enderchest/test/test_place.py:621:4: C0116: Missing function or method docstring (missing-function-docstring)
enderchest/test/test_place.py:635:4: C0116: Missing function or method docstring (missing-function-docstring)
enderchest/test/test_place.py:656:4: C0116: Missing function or method docstring (missing-function-docstring)
enderchest/test/test_place.py:683:4: C0116: Missing function or method docstring (missing-function-docstring)
enderchest/test/test_place.py:691:4: C0116: Missing function or method docstring (missing-function-docstring)
enderchest/test/test_place.py:702:4: C0116: Missing function or method docstring (missing-function-docstring)
************* Module enderchest.test.conftest
enderchest/test/conftest.py:21:4: W0621: Redefining name 'minecraft_root' from outer scope (line 128) (redefined-outer-name)
enderchest/test/conftest.py:26:4: W0621: Redefining name 'home' from outer scope (line 136) (redefined-outer-name)
enderchest/test/conftest.py:62:60: W1514: Using open without explicitly specifying an encoding (unspecified-encoding)
enderchest/test/conftest.py:128:19: W0621: Redefining name 'file_system' from outer scope (line 13) (redefined-outer-name)
enderchest/test/conftest.py:136:9: W0621: Redefining name 'file_system' from outer scope (line 13) (redefined-outer-name)
enderchest/test/conftest.py:140:4: W0621: Redefining name 'home' from outer scope (line 136) (redefined-outer-name)
enderchest/test/conftest.py:152:0: C0116: Missing function or method docstring (missing-function-docstring)
enderchest/test/conftest.py:2:0: W0611: Unused import os (unused-import)
************* Module enderchest.test.test_craft
enderchest/test/test_craft.py:23:0: C0115: Missing class docstring (missing-class-docstring)
enderchest/test/test_craft.py:24:4: C0116: Missing function or method docstring (missing-function-docstring)
enderchest/test/test_craft.py:46:4: C0116: Missing function or method docstring (missing-function-docstring)
enderchest/test/test_craft.py:73:0: C0115: Missing class docstring (missing-class-docstring)
enderchest/test/test_craft.py:74:4: C0116: Missing function or method docstring (missing-function-docstring)
enderchest/test/test_craft.py:95:4: C0116: Missing function or method docstring (missing-function-docstring)
enderchest/test/test_craft.py:124:4: C0116: Missing function or method docstring (missing-function-docstring)
enderchest/test/test_craft.py:139:0: W0613: Unused argument 'args' (unused-argument)
enderchest/test/test_craft.py:139:0: W0613: Unused argument 'kwargs' (unused-argument)
enderchest/test/test_craft.py:155:4: C0116: Missing function or method docstring (missing-function-docstring)
enderchest/test/test_craft.py:162:0: W0613: Unused argument 'args' (unused-argument)
enderchest/test/test_craft.py:162:0: W0613: Unused argument 'kwargs' (unused-argument)
enderchest/test/test_craft.py:177:4: C0116: Missing function or method docstring (missing-function-docstring)
enderchest/test/test_craft.py:198:4: C0116: Missing function or method docstring (missing-function-docstring)
enderchest/test/test_craft.py:198:4: R0913: Too many arguments (7/5) (too-many-arguments)
enderchest/test/test_craft.py:240:4: C0116: Missing function or method docstring (missing-function-docstring)
enderchest/test/test_craft.py:240:4: R0913: Too many arguments (7/5) (too-many-arguments)
enderchest/test/test_craft.py:244:8: W0613: Unused argument 'home' (unused-argument)
enderchest/test/test_craft.py:273:4: C0116: Missing function or method docstring (missing-function-docstring)
enderchest/test/test_craft.py:292:0: C0115: Missing class docstring (missing-class-docstring)
enderchest/test/test_craft.py:293:4: C0116: Missing function or method docstring (missing-function-docstring)
enderchest/test/test_craft.py:305:4: C0116: Missing function or method docstring (missing-function-docstring)
enderchest/test/test_craft.py:336:4: C0116: Missing function or method docstring (missing-function-docstring)
enderchest/test/test_craft.py:347:8: C0115: Missing class docstring (missing-class-docstring)
enderchest/test/test_craft.py:348:12: C0116: Missing function or method docstring (missing-function-docstring)
enderchest/test/test_craft.py:347:8: R0903: Too few public methods (1/2) (too-few-public-methods)
enderchest/test/test_craft.py:351:0: W0613: Unused argument 'args' (unused-argument)
enderchest/test/test_craft.py:351:0: W0613: Unused argument 'kwargs' (unused-argument)
enderchest/test/test_craft.py:361:4: C0116: Missing function or method docstring (missing-function-docstring)
enderchest/test/test_craft.py:415:0: C0115: Missing class docstring (missing-class-docstring)
enderchest/test/test_craft.py:416:4: C0116: Missing function or method docstring (missing-function-docstring)
enderchest/test/test_craft.py:422:22: W0212: Access to a protected member _prompt_for_filters of a client class (protected-access)
enderchest/test/test_craft.py:438:4: C0116: Missing function or method docstring (missing-function-docstring)
enderchest/test/test_craft.py:450:22: W0212: Access to a protected member _prompt_for_filters of a client class (protected-access)
enderchest/test/test_craft.py:466:4: C0116: Missing function or method docstring (missing-function-docstring)
enderchest/test/test_craft.py:479:22: W0212: Access to a protected member _prompt_for_filters of a client class (protected-access)
enderchest/test/test_craft.py:495:4: C0116: Missing function or method docstring (missing-function-docstring)
enderchest/test/test_craft.py:513:22: W0212: Access to a protected member _prompt_for_filters of a client class (protected-access)
enderchest/test/test_craft.py:537:0: C0115: Missing class docstring (missing-class-docstring)
enderchest/test/test_craft.py:538:4: C0116: Missing function or method docstring (missing-function-docstring)
enderchest/test/test_craft.py:547:22: W0212: Access to a protected member _prompt_for_instance_names of a client class (protected-access)
enderchest/test/test_craft.py:568:4: C0116: Missing function or method docstring (missing-function-docstring)
enderchest/test/test_craft.py:584:22: W0212: Access to a protected member _prompt_for_instance_names of a client class (protected-access)
enderchest/test/test_craft.py:602:0: C0115: Missing class docstring (missing-class-docstring)
enderchest/test/test_craft.py:603:4: C0116: Missing function or method docstring (missing-function-docstring)
enderchest/test/test_craft.py:615:22: W0212: Access to a protected member _prompt_for_instance_numbers of a client class (protected-access)
enderchest/test/test_craft.py:631:4: C0116: Missing function or method docstring (missing-function-docstring)
enderchest/test/test_craft.py:645:22: W0212: Access to a protected member _prompt_for_instance_numbers of a client class (protected-access)
enderchest/test/test_craft.py:664:4: C0116: Missing function or method docstring (missing-function-docstring)
enderchest/test/test_craft.py:686:22: W0212: Access to a protected member _prompt_for_instance_numbers of a client class (protected-access)
************* Module enderchest.test.test_sync
enderchest/test/test_sync.py:27:4: W0511: TODO: remove xfail once this method has been moved to a different module (fixme)
enderchest/test/test_sync.py:19:0: C0115: Missing class docstring (missing-class-docstring)
enderchest/test/test_sync.py:20:4: C0116: Missing function or method docstring (missing-function-docstring)
enderchest/test/test_sync.py:19:0: R0903: Too few public methods (1/2) (too-few-public-methods)
enderchest/test/test_sync.py:28:0: C0115: Missing class docstring (missing-class-docstring)
enderchest/test/test_sync.py:30:4: C0116: Missing function or method docstring (missing-function-docstring)
enderchest/test/test_sync.py:31:8: C0415: Import outside toplevel (enderchest.sync.rsync) (import-outside-toplevel)
enderchest/test/test_sync.py:35:4: C0116: Missing function or method docstring (missing-function-docstring)
enderchest/test/test_sync.py:41:4: C0116: Missing function or method docstring (missing-function-docstring)
enderchest/test/test_sync.py:47:4: C0116: Missing function or method docstring (missing-function-docstring)
enderchest/test/test_sync.py:59:0: C0115: Missing class docstring (missing-class-docstring)
enderchest/test/test_sync.py:60:4: C0116: Missing function or method docstring (missing-function-docstring)
enderchest/test/test_sync.py:65:4: C0116: Missing function or method docstring (missing-function-docstring)
enderchest/test/test_sync.py:70:4: C0116: Missing function or method docstring (missing-function-docstring)
enderchest/test/test_sync.py:75:4: C0116: Missing function or method docstring (missing-function-docstring)
enderchest/test/test_sync.py:82:4: C0116: Missing function or method docstring (missing-function-docstring)
enderchest/test/test_sync.py:90:0: C0115: Missing class docstring (missing-class-docstring)
enderchest/test/test_sync.py:94:4: C0116: Missing function or method docstring (missing-function-docstring)
enderchest/test/test_sync.py:100:4: C0116: Missing function or method docstring (missing-function-docstring)
enderchest/test/test_sync.py:139:8: W0212: Access to a protected member _uri of a client class (protected-access)
enderchest/test/test_sync.py:139:29: W0212: Access to a protected member _uri of a client class (protected-access)
enderchest/test/test_sync.py:140:38: W0212: Access to a protected member _uri of a client class (protected-access)
enderchest/test/test_sync.py:176:14: W0212: Access to a protected member _uri of a client class (protected-access)
enderchest/test/test_sync.py:218:4: C0116: Missing function or method docstring (missing-function-docstring)
enderchest/test/test_sync.py:218:4: R0913: Too many arguments (6/5) (too-many-arguments)
enderchest/test/test_sync.py:238:4: C0116: Missing function or method docstring (missing-function-docstring)
enderchest/test/test_sync.py:256:4: C0116: Missing function or method docstring (missing-function-docstring)
enderchest/test/test_sync.py:263:4: C0116: Missing function or method docstring (missing-function-docstring)
enderchest/test/test_sync.py:273:4: C0116: Missing function or method docstring (missing-function-docstring)
enderchest/test/test_sync.py:280:4: C0116: Missing function or method docstring (missing-function-docstring)
enderchest/test/test_sync.py:285:4: C0116: Missing function or method docstring (missing-function-docstring)
enderchest/test/test_sync.py:291:4: C0116: Missing function or method docstring (missing-function-docstring)
enderchest/test/test_sync.py:298:4: C0116: Missing function or method docstring (missing-function-docstring)
enderchest/test/test_sync.py:308:4: C0116: Missing function or method docstring (missing-function-docstring)
enderchest/test/test_sync.py:327:4: C0116: Missing function or method docstring (missing-function-docstring)
enderchest/test/test_sync.py:338:4: C0116: Missing function or method docstring (missing-function-docstring)
enderchest/test/test_sync.py:345:4: C0116: Missing function or method docstring (missing-function-docstring)
enderchest/test/test_sync.py:356:4: C0116: Missing function or method docstring (missing-function-docstring)
enderchest/test/test_sync.py:372:0: C0115: Missing class docstring (missing-class-docstring)
enderchest/test/test_sync.py:375:4: C0116: Missing function or method docstring (missing-function-docstring)
enderchest/test/test_sync.py:405:4: C0116: Missing function or method docstring (missing-function-docstring)
enderchest/test/test_sync.py:433:4: C0116: Missing function or method docstring (missing-function-docstring)
enderchest/test/test_sync.py:434:59: C0103: Argument name "op" doesn't conform to snake_case naming style (invalid-name)
enderchest/test/test_sync.py:433:4: R0913: Too many arguments (7/5) (too-many-arguments)
enderchest/test/test_sync.py:439:8: C0415: Import outside toplevel (enderchest.sync.rsync) (import-outside-toplevel)
enderchest/test/test_sync.py:455:4: C0116: Missing function or method docstring (missing-function-docstring)
enderchest/test/test_sync.py:456:46: C0103: Argument name "op" doesn't conform to snake_case naming style (invalid-name)
enderchest/test/test_sync.py:468:4: C0116: Missing function or method docstring (missing-function-docstring)
enderchest/test/test_sync.py:469:46: C0103: Argument name "op" doesn't conform to snake_case naming style (invalid-name)
enderchest/test/test_sync.py:481:4: C0116: Missing function or method docstring (missing-function-docstring)
enderchest/test/test_sync.py:482:45: C0103: Argument name "op" doesn't conform to snake_case naming style (invalid-name)
enderchest/test/test_sync.py:496:4: C0116: Missing function or method docstring (missing-function-docstring)
enderchest/test/test_sync.py:497:45: C0103: Argument name "op" doesn't conform to snake_case naming style (invalid-name)
enderchest/test/test_sync.py:496:4: R0913: Too many arguments (6/5) (too-many-arguments)
enderchest/test/test_sync.py:509:4: C0116: Missing function or method docstring (missing-function-docstring)
enderchest/test/test_sync.py:509:71: C0103: Argument name "op" doesn't conform to snake_case naming style (invalid-name)
enderchest/test/test_sync.py:509:4: R0913: Too many arguments (6/5) (too-many-arguments)
************* Module enderchest.test.utils
enderchest/test/utils.py:363:8: C0103: Variable name "mc" doesn't conform to snake_case naming style (invalid-name)
enderchest/test/utils.py:455:23: C0103: Argument name "mc" doesn't conform to snake_case naming style (invalid-name)
************* Module enderchest.test.test_cli
enderchest/test/test_cli.py:12:0: C0115: Missing class docstring (missing-class-docstring)
enderchest/test/test_cli.py:14:4: C0116: Missing function or method docstring (missing-function-docstring)
enderchest/test/test_cli.py:21:4: C0116: Missing function or method docstring (missing-function-docstring)
enderchest/test/test_cli.py:29:0: C0115: Missing class docstring (missing-class-docstring)
enderchest/test/test_cli.py:31:4: C0116: Missing function or method docstring (missing-function-docstring)
enderchest/test/test_cli.py:38:4: C0116: Missing function or method docstring (missing-function-docstring)
enderchest/test/test_cli.py:46:0: C0115: Missing class docstring (missing-class-docstring)
enderchest/test/test_cli.py:50:4: C0116: Missing function or method docstring (missing-function-docstring)
enderchest/test/test_cli.py:56:43: E1101: Instance of 'ActionTestSuite' has no 'action' member (no-member)
enderchest/test/test_cli.py:59:29: E1101: Instance of 'ActionTestSuite' has no 'action' member (no-member)
enderchest/test/test_cli.py:61:4: C0116: Missing function or method docstring (missing-function-docstring)
enderchest/test/test_cli.py:64:28: E1101: Instance of 'ActionTestSuite' has no 'action' member (no-member)
enderchest/test/test_cli.py:68:4: C0116: Missing function or method docstring (missing-function-docstring)
enderchest/test/test_cli.py:70:28: E1101: Instance of 'ActionTestSuite' has no 'action' member (no-member)
enderchest/test/test_cli.py:74:4: C0116: Missing function or method docstring (missing-function-docstring)
enderchest/test/test_cli.py:76:28: E1101: Instance of 'ActionTestSuite' has no 'action' member (no-member)
enderchest/test/test_cli.py:92:4: C0116: Missing function or method docstring (missing-function-docstring)
enderchest/test/test_cli.py:94:28: E1101: Instance of 'ActionTestSuite' has no 'action' member (no-member)
enderchest/test/test_cli.py:100:0: C0115: Missing class docstring (missing-class-docstring)
enderchest/test/test_cli.py:104:4: C0116: Missing function or method docstring (missing-function-docstring)
enderchest/test/test_cli.py:114:15: E1136: Value 'options' is unsubscriptable (unsubscriptable-object)
enderchest/test/test_cli.py:121:4: C0116: Missing function or method docstring (missing-function-docstring)
enderchest/test/test_cli.py:138:15: E1136: Value 'options' is unsubscriptable (unsubscriptable-object)
enderchest/test/test_cli.py:145:0: C0115: Missing class docstring (missing-class-docstring)
enderchest/test/test_cli.py:150:4: C0116: Missing function or method docstring (missing-function-docstring)
enderchest/test/test_cli.py:156:48: E1101: Instance of 'Path' has no 'items' member (no-member)
enderchest/test/test_cli.py:162:4: C0116: Missing function or method docstring (missing-function-docstring)
enderchest/test/test_cli.py:175:0: W1404: Implicit string concatenation found in list (implicit-str-concat)
enderchest/test/test_cli.py:197:0: C0115: Missing class docstring (missing-class-docstring)
enderchest/test/test_cli.py:201:4: C0116: Missing function or method docstring (missing-function-docstring)
enderchest/test/test_cli.py:212:4: C0116: Missing function or method docstring (missing-function-docstring)
enderchest/test/test_cli.py:221:4: C0116: Missing function or method docstring (missing-function-docstring)
enderchest/test/test_cli.py:230:4: C0116: Missing function or method docstring (missing-function-docstring)
enderchest/test/test_cli.py:238:4: C0116: Missing function or method docstring (missing-function-docstring)
enderchest/test/test_cli.py:241:12: E1136: Value 'options' is unsubscriptable (unsubscriptable-object)
enderchest/test/test_cli.py:242:12: E1136: Value 'options' is unsubscriptable (unsubscriptable-object)
enderchest/test/test_cli.py:243:12: E1136: Value 'options' is unsubscriptable (unsubscriptable-object)
enderchest/test/test_cli.py:251:4: C0116: Missing function or method docstring (missing-function-docstring)
enderchest/test/test_cli.py:261:4: C0116: Missing function or method docstring (missing-function-docstring)
enderchest/test/test_cli.py:266:4: C0116: Missing function or method docstring (missing-function-docstring)
enderchest/test/test_cli.py:275:4: C0116: Missing function or method docstring (missing-function-docstring)
enderchest/test/test_cli.py:275:60: W0613: Unused argument 'flag' (unused-argument)
enderchest/test/test_cli.py:275:66: W0613: Unused argument 'expected' (unused-argument)
enderchest/test/test_cli.py:281:0: C0115: Missing class docstring (missing-class-docstring)
enderchest/test/test_cli.py:286:4: C0116: Missing function or method docstring (missing-function-docstring)
enderchest/test/test_cli.py:294:4: C0116: Missing function or method docstring (missing-function-docstring)
enderchest/test/test_cli.py:308:4: C0116: Missing function or method docstring (missing-function-docstring)
enderchest/test/test_cli.py:326:0: C0115: Missing class docstring (missing-class-docstring)
enderchest/test/test_cli.py:331:4: C0116: Missing function or method docstring (missing-function-docstring)
enderchest/test/test_cli.py:339:4: C0116: Missing function or method docstring (missing-function-docstring)
enderchest/test/test_cli.py:355:4: C0116: Missing function or method docstring (missing-function-docstring)
enderchest/test/test_cli.py:376:0: C0115: Missing class docstring (missing-class-docstring)
enderchest/test/test_cli.py:381:0: C0115: Missing class docstring (missing-class-docstring)
enderchest/test/test_cli.py:386:0: C0115: Missing class docstring (missing-class-docstring)
enderchest/test/test_cli.py:390:4: C0116: Missing function or method docstring (missing-function-docstring)
enderchest/test/test_cli.py:393:28: C0103: Argument name "op" doesn't conform to snake_case naming style (invalid-name)
enderchest/test/test_cli.py:416:4: C0116: Missing function or method docstring (missing-function-docstring)
enderchest/test/test_cli.py:421:28: C0103: Argument name "op" doesn't conform to snake_case naming style (invalid-name)
enderchest/test/test_cli.py:434:4: C0116: Missing function or method docstring (missing-function-docstring)
enderchest/test/test_cli.py:437:28: C0103: Argument name "op" doesn't conform to snake_case naming style (invalid-name)
enderchest/test/test_cli.py:448:4: C0116: Missing function or method docstring (missing-function-docstring)
enderchest/test/test_cli.py:451:28: C0103: Argument name "op" doesn't conform to snake_case naming style (invalid-name)
enderchest/test/test_cli.py:484:0: C0115: Missing class docstring (missing-class-docstring)
************* Module enderchest.test.test_instance
enderchest/test/test_instance.py:1:0: C0114: Missing module docstring (missing-module-docstring)
enderchest/test/test_instance.py:9:0: C0115: Missing class docstring (missing-class-docstring)
enderchest/test/test_instance.py:10:4: C0116: Missing function or method docstring (missing-function-docstring)
enderchest/test/test_instance.py:15:4: C0116: Missing function or method docstring (missing-function-docstring)
enderchest/test/test_instance.py:18:4: C0116: Missing function or method docstring (missing-function-docstring)
enderchest/test/test_instance.py:25:4: C0116: Missing function or method docstring (missing-function-docstring)
enderchest/test/test_instance.py:32:4: C0116: Missing function or method docstring (missing-function-docstring)
enderchest/test/test_instance.py:32:68: W0613: Unused argument 'home' (unused-argument)
enderchest/test/test_instance.py:39:4: C0116: Missing function or method docstring (missing-function-docstring)
enderchest/test/test_instance.py:39:46: W0613: Unused argument 'home' (unused-argument)
enderchest/test/test_instance.py:2:0: W0611: Unused Iterable imported from typing (unused-import)
************* Module enderchest.test.testing_files.__init__
enderchest/test/testing_files/__init__.py:1:0: R0801: Similar lines in 2 files
==enderchest.enderchest:[233:243]
==enderchest.shulker_box:[90:99]
        )
        parser.optionxform = str  # type: ignore
        try:
            assert parser.read(config_file)
        except ParsingError as bad_cfg:
            raise ValueError(f"Could not parse {config_file}") from bad_cfg
        except AssertionError:
            raise FileNotFoundError(f"Could not open {config_file}")
 (duplicate-code)
enderchest/test/testing_files/__init__.py:1:0: R0801: Similar lines in 2 files
==enderchest.enderchest:[359:381]
==enderchest.shulker_box:[191:213]
        config.write(buffer)
        buffer.seek(0)  # rewind

        if config_file:
            config_file.write_text(buffer.read())
            buffer.seek(0)
        return buffer.read()

    def matches(self, instance: InstanceSpec) -> bool:
        """Determine whether the shulker box matches the given instance

        Parameters
        ----------
        instance : InstanceSpec
            The instance's specification

        Returns
        -------
        bool
            True if the instance matches the shulker box's conditions, False
            otherwise.
        """ (duplicate-code)
enderchest/test/testing_files/__init__.py:1:0: R0801: Similar lines in 2 files
==enderchest.test.test_craft:[206:213]
==enderchest.test.test_sync:[220:226]
        if root_type == "absolute":
            root = minecraft_root
        else:
            root = Path(minecraft_root.name)
            monkeypatch.chdir(minecraft_root.parent)

        # we'll be testing overwriting (duplicate-code)

-----------------------------------
Your code has been rated at 8.15/10

